Performing C SOURCE FILE Test CMAKE_HAVE_LIBC_PTHREAD failed with the following output:
Change Dir: /home/cyan/CPP_Project/My_Raft_KV/out/build/cm/CMakeFiles/CMakeTmp

Run Build Command(s):/usr/bin/gmake cmTC_e2500/fast && /usr/bin/gmake  -f CMakeFiles/cmTC_e2500.dir/build.make CMakeFiles/cmTC_e2500.dir/build
gmake[1]: 进入目录“/home/cyan/CPP_Project/My_Raft_KV/out/build/cm/CMakeFiles/CMakeTmp”
Building C object CMakeFiles/cmTC_e2500.dir/src.c.o
/usr/bin/cc   -DCMAKE_HAVE_LIBC_PTHREAD -fPIE -o CMakeFiles/cmTC_e2500.dir/src.c.o -c /home/cyan/CPP_Project/My_Raft_KV/out/build/cm/CMakeFiles/CMakeTmp/src.c
Linking C executable cmTC_e2500
/usr/bin/cmake -E cmake_link_script CMakeFiles/cmTC_e2500.dir/link.txt --verbose=1
/usr/bin/cc  -DCMAKE_HAVE_LIBC_PTHREAD CMakeFiles/cmTC_e2500.dir/src.c.o -o cmTC_e2500 
/usr/bin/ld: CMakeFiles/cmTC_e2500.dir/src.c.o: in function `main':
src.c:(.text+0x2f): undefined reference to `pthread_create'
/usr/bin/ld: src.c:(.text+0x3b): undefined reference to `pthread_detach'
/usr/bin/ld: src.c:(.text+0x47): undefined reference to `pthread_cancel'
/usr/bin/ld: src.c:(.text+0x58): undefined reference to `pthread_join'
collect2: error: ld returned 1 exit status
gmake[1]: *** [CMakeFiles/cmTC_e2500.dir/build.make:106：cmTC_e2500] 错误 1
gmake[1]: 离开目录“/home/cyan/CPP_Project/My_Raft_KV/out/build/cm/CMakeFiles/CMakeTmp”
gmake: *** [Makefile:140：cmTC_e2500/fast] 错误 2


Source file was:
#include <pthread.h>

void* test_func(void* data)
{
  return data;
}

int main(void)
{
  pthread_t thread;
  pthread_create(&thread, NULL, test_func, NULL);
  pthread_detach(thread);
  pthread_cancel(thread);
  pthread_join(thread, NULL);
  pthread_atfork(NULL, NULL, NULL);
  pthread_exit(NULL);

  return 0;
}

Performing C SOURCE FILE Test CMAKE_HAVE_LIBC_PTHREAD failed with the following output:
Change Dir: /home/cyan/CPP_Project/My_Raft_KV/out/build/cm/CMakeFiles/CMakeTmp

Run Build Command(s):/usr/bin/gmake cmTC_35d02/fast && /usr/bin/gmake  -f CMakeFiles/cmTC_35d02.dir/build.make CMakeFiles/cmTC_35d02.dir/build
gmake[1]: 进入目录“/home/cyan/CPP_Project/My_Raft_KV/out/build/cm/CMakeFiles/CMakeTmp”
Building C object CMakeFiles/cmTC_35d02.dir/src.c.o
/usr/bin/gcc   -DCMAKE_HAVE_LIBC_PTHREAD -fPIE -o CMakeFiles/cmTC_35d02.dir/src.c.o -c /home/cyan/CPP_Project/My_Raft_KV/out/build/cm/CMakeFiles/CMakeTmp/src.c
Linking C executable cmTC_35d02
/usr/bin/cmake -E cmake_link_script CMakeFiles/cmTC_35d02.dir/link.txt --verbose=1
/usr/bin/gcc  -DCMAKE_HAVE_LIBC_PTHREAD CMakeFiles/cmTC_35d02.dir/src.c.o -o cmTC_35d02 
/usr/bin/ld: CMakeFiles/cmTC_35d02.dir/src.c.o: in function `main':
src.c:(.text+0x2f): undefined reference to `pthread_create'
/usr/bin/ld: src.c:(.text+0x3b): undefined reference to `pthread_detach'
/usr/bin/ld: src.c:(.text+0x47): undefined reference to `pthread_cancel'
/usr/bin/ld: src.c:(.text+0x58): undefined reference to `pthread_join'
collect2: error: ld returned 1 exit status
gmake[1]: *** [CMakeFiles/cmTC_35d02.dir/build.make:106：cmTC_35d02] 错误 1
gmake[1]: 离开目录“/home/cyan/CPP_Project/My_Raft_KV/out/build/cm/CMakeFiles/CMakeTmp”
gmake: *** [Makefile:140：cmTC_35d02/fast] 错误 2


Source file was:
#include <pthread.h>

void* test_func(void* data)
{
  return data;
}

int main(void)
{
  pthread_t thread;
  pthread_create(&thread, NULL, test_func, NULL);
  pthread_detach(thread);
  pthread_cancel(thread);
  pthread_join(thread, NULL);
  pthread_atfork(NULL, NULL, NULL);
  pthread_exit(NULL);

  return 0;
}

